{
  "RSpec": {
    "coverage": {
      "/Users/jamesransome/Desktop/projects/week-10/bank-tech-test/spec/unit/account_spec.rb": [
        1,
        null,
        1,
        4,
        3,
        null,
        1,
        1,
        null,
        null,
        1,
        2,
        2,
        null,
        null,
        null,
        1,
        1,
        4,
        null,
        null,
        1,
        null,
        null,
        1,
        1,
        4,
        null,
        null,
        1,
        null,
        null
      ],
      "/Users/jamesransome/Desktop/projects/week-10/bank-tech-test/lib/account.rb": [
        1,
        1,
        null,
        1,
        3,
        null,
        null,
        1,
        1,
        null,
        null,
        1,
        1,
        null,
        null
      ]
    },
    "timestamp": 1504533915
  }
}
